<?xml version="1.0" encoding="UTF-8"?>
<!-- Generated by org.testng.reporters.JUnitReportReporter -->
<testsuite skipped="0" hostname="Sahana" name="webuildsg.ReposPerPLTest" tests="3" failures="0" timestamp="2020-10-07T22:01:00 SGT" time="1431.226" errors="0">
  <testcase name="titletest" time="0.489" classname="webuildsg.ReposPerPLTest"/>
  <system-out/>
  <testcase name="languagetest" time="1386.668" classname="webuildsg.ReposPerPLTest"/>
  <system-out/>
  <testcase name="socialmedia" time="44.069" classname="webuildsg.ReposPerPLTest"/>
  <system-out/>
</testsuite> <!-- webuildsg.ReposPerPLTest -->
