<?xml version="1.0" encoding="UTF-8"?>
<!-- Generated by org.testng.reporters.JUnitReportReporter -->
<testsuite skipped="0" hostname="Sahana" name="webuildsg.ActiveUserGrpTest" tests="3" failures="0" timestamp="2020-10-07T22:01:00 SGT" time="5.999" errors="0">
  <testcase name="titletest" time="0.939" classname="webuildsg.ActiveUserGrpTest"/>
  <system-out/>
  <testcase name="headertest" time="1.437" classname="webuildsg.ActiveUserGrpTest"/>
  <system-out/>
  <testcase name="usergrouptest" time="3.623" classname="webuildsg.ActiveUserGrpTest"/>
  <system-out/>
</testsuite> <!-- webuildsg.ActiveUserGrpTest -->
