<?xml version="1.0" encoding="UTF-8"?>
<!-- Generated by org.testng.reporters.JUnitReportReporter -->
<testsuite skipped="1" hostname="Sahana" name="webuildsg.ReposPerPLTest" tests="3" failures="0" timestamp="2020-10-06T15:03:30 SGT" time="782.128" errors="0">
  <testcase name="titletest" time="0.940" classname="webuildsg.ReposPerPLTest"/>
  <system-out/>
  <testcase name="languagetest" time="781.188" classname="webuildsg.ReposPerPLTest"/>
  <system-out/>
  <testcase name="socialmedia" classname="webuildsg.ReposPerPLTest">
    <skipped/>
  </testcase> <!-- socialmedia -->
  <system-out/>
</testsuite> <!-- webuildsg.ReposPerPLTest -->
