<?xml version="1.0" encoding="UTF-8"?>
<!-- Generated by org.testng.reporters.JUnitReportReporter -->
<testsuite skipped="0" hostname="Sahana" name="webuildsg.MainPageTest" tests="14" failures="0" timestamp="2020-10-05T10:41:54 SGT" time="56.154" errors="0">
  <testcase name="titletest" time="0.190" classname="webuildsg.MainPageTest"/>
  <system-out/>
  <testcase name="searchdata" time="0.606" classname="webuildsg.MainPageTest"/>
  <system-out/>
  <testcase name="repostests" time="1.197" classname="webuildsg.MainPageTest"/>
  <system-out/>
  <testcase name="eventstests" time="1.067" classname="webuildsg.MainPageTest"/>
  <system-out/>
  <testcase name="actvitiesproglnk" time="1.198" classname="webuildsg.MainPageTest"/>
  <system-out/>
  <testcase name="activeusergroups" time="0.859" classname="webuildsg.MainPageTest"/>
  <system-out/>
  <testcase name="activerepositories" time="0.849" classname="webuildsg.MainPageTest"/>
  <system-out/>
  <testcase name="reposperprogLang" time="1.021" classname="webuildsg.MainPageTest"/>
  <system-out/>
  <testcase name="eventsdayofweek" time="0.800" classname="webuildsg.MainPageTest"/>
  <system-out/>
  <testcase name="eventsperweekofMon" time="0.768" classname="webuildsg.MainPageTest"/>
  <system-out/>
  <testcase name="eventtimeofDay" time="0.798" classname="webuildsg.MainPageTest"/>
  <system-out/>
  <testcase name="eventlocations" time="3.747" classname="webuildsg.MainPageTest"/>
  <system-out/>
  <testcase name="staticnum" time="1.335" classname="webuildsg.MainPageTest"/>
  <system-out/>
  <testcase name="socmediaicons" time="41.719" classname="webuildsg.MainPageTest"/>
  <system-out/>
</testsuite> <!-- webuildsg.MainPageTest -->
